<?xml version="1.0" encoding="UTF-8"?>
<!-- Generated by org.testng.reporters.JUnitXMLReporter -->
<testsuite ignored="0" hostname="DESKTOP-A85P5K1" failures="0" tests="5" name="Default test" time="10.434" errors="0" timestamp="2023-06-01T13:42:25 NPT">
  <testcase classname="Assessment1.OrangeHRM" name="my_info" time="4.566"/>
  <testcase classname="Assessment1.OrangeHRM" name="nationality" time="0.253"/>
  <testcase classname="Assessment1.OrangeHRM" name="marriage_status" time="0.198"/>
  <testcase classname="Assessment1.OrangeHRM" name="info_continued" time="0.658"/>
  <testcase classname="Assessment1.OrangeHRM" name="bloodType" time="4.68"/>
</testsuite> <!-- Default test -->
